<?xml version="1.0" encoding="UTF-8"?>
<!-- Generated by org.testng.reporters.JUnitReportReporter -->
<testsuite skipped="0" hostname="GRM-DEV10" name="devSiteFormsTests.GuestFormDateValidationTest" tests="3" failures="0" timestamp="09 Oct 2017 16:33:13 GMT" time="50.500" errors="3">
  <testcase name="test1" time="11.662" classname="devSiteFormsTests.GuestFormDateValidationTest">
    <error/>
  </testcase> <!-- test1 -->
  <testcase name="test2" time="11.441" classname="devSiteFormsTests.GuestFormDateValidationTest">
    <error/>
  </testcase> <!-- test2 -->
  <testcase name="test3" time="27.397" classname="devSiteFormsTests.GuestFormDateValidationTest">
    <error/>
  </testcase> <!-- test3 -->
</testsuite> <!-- devSiteFormsTests.GuestFormDateValidationTest -->
