<?xml version="1.0" encoding="UTF-8"?>
<!-- Generated by org.testng.reporters.JUnitReportReporter -->
<testsuite skipped="0" hostname="GRM-DEV10" name="devSiteFormsTests.EmailValidationTests" tests="6" failures="0" timestamp="09 Oct 2017 16:37:57 GMT" time="77.094" errors="5">
  <testcase name="test2" time="21.633" classname="devSiteFormsTests.EmailValidationTests">
    <error/>
  </testcase> <!-- test2 -->
  <testcase name="test6" time="10.184" classname="devSiteFormsTests.EmailValidationTests">
    <error/>
  </testcase> <!-- test6 -->
  <testcase name="test4" time="11.272" classname="devSiteFormsTests.EmailValidationTests">
    <error/>
  </testcase> <!-- test4 -->
  <testcase name="test5" time="10.272" classname="devSiteFormsTests.EmailValidationTests">
    <error/>
  </testcase> <!-- test5 -->
  <testcase name="test3" time="11.141" classname="devSiteFormsTests.EmailValidationTests"/>
  <testcase name="test1" time="12.592" classname="devSiteFormsTests.EmailValidationTests">
    <error/>
  </testcase> <!-- test1 -->
</testsuite> <!-- devSiteFormsTests.EmailValidationTests -->
